2017-05-21 20:33:48,772 INFO  [main] (OH.OHEngine) Connecting to OH files in OpenHAB directory...
2017-05-21 20:33:48,775 DEBUG [main] (OH.OHEngine) Connected to OH files!
2017-05-21 20:33:48,775 DEBUG [main] (OH.OHEngine) Updating .items file...
2017-05-21 20:33:48,775 DEBUG [main] (OH.OHEngine) Adding rooms to groups declaration...
2017-05-21 20:33:48,776 DEBUG [main] (OH.OHEngine) Adding Components with multiple properties to groups declaration...
2017-05-21 20:33:48,776 DEBUG [main] (OH.OHEngine) Adding individual Properties to items declaration...
2017-05-21 20:33:48,792 DEBUG [main] (OH.OHEngine) Updating .rules file...
2017-05-21 20:33:48,793 WARN  [main] (OH.OHEngine) Rules for component type 0006 not found!
2017-05-21 20:33:48,806 WARN  [main] (OH.OHEngine) Rules for component type 0008 not found!
2017-05-21 20:33:48,809 WARN  [main] (OH.OHEngine) Rules for component type 0003 not found!
2017-05-21 20:33:48,813 WARN  [main] (OH.OHEngine) Rules for component type 0009 not found!
2017-05-21 20:33:48,824 WARN  [main] (OH.OHEngine) Rules for component type 0002 not found!
2017-05-21 20:33:48,841 DEBUG [main] (OH.OHEngine) Updating .sitemap file...
2017-05-21 20:33:49,020 INFO  [main] (OH.OHEngine) OHEngine started!
2017-05-21 20:34:13,526 DEBUG [1:Process1] (OH.OHEngine) Adding UpdateOHEReq HI6E7W12S7 to OHEngine!
2017-05-21 20:34:13,590 DEBUG [OHEngine] (OH.OHEngine) New EngineRequest detected! Processing...
2017-05-21 20:34:13,590 DEBUG [1:Process1] (OH.OHEngine) Updating OpenHAB files...
2017-05-21 20:34:13,590 DEBUG [1:Process1] (OH.OHEngine) Updating .items file...
2017-05-21 20:34:13,591 DEBUG [1:Process1] (OH.OHEngine) Adding rooms to groups declaration...
2017-05-21 20:34:13,591 DEBUG [1:Process1] (OH.OHEngine) Adding Components with multiple properties to groups declaration...
2017-05-21 20:34:13,591 DEBUG [1:Process1] (OH.OHEngine) Adding individual Properties to items declaration...
2017-05-21 20:34:13,596 DEBUG [1:Process1] (OH.OHEngine) Updating .rules file...
2017-05-21 20:34:13,597 WARN  [1:Process1] (OH.OHEngine) Rules for component type 0006 not found!
2017-05-21 20:34:13,611 WARN  [1:Process1] (OH.OHEngine) Rules for component type 0008 not found!
2017-05-21 20:34:13,614 WARN  [1:Process1] (OH.OHEngine) Rules for component type 0003 not found!
2017-05-21 20:34:13,615 WARN  [1:Process1] (OH.OHEngine) Rules for component type 0009 not found!
2017-05-21 20:34:13,624 WARN  [1:Process1] (OH.OHEngine) Rules for component type 0002 not found!
2017-05-21 20:34:13,646 DEBUG [1:Process1] (OH.OHEngine) Updating .sitemap file...
2017-05-21 20:34:13,881 DEBUG [1:Process1] (OH.OHEngine) OpenHAB update complete!
2017-05-21 20:34:13,881 DEBUG [1:Process1] (OH.OHEngine) EngineRequest processing complete!
2017-05-21 20:34:54,285 DEBUG [2:Process2] (OH.OHEngine) Adding UpdateOHEReq TM0V35RKNY to OHEngine!
2017-05-21 20:34:54,289 DEBUG [OHEngine] (OH.OHEngine) New EngineRequest detected! Processing...
2017-05-21 20:34:54,289 DEBUG [2:Process2] (OH.OHEngine) Updating OpenHAB files...
2017-05-21 20:34:54,289 DEBUG [2:Process2] (OH.OHEngine) Updating .items file...
2017-05-21 20:34:54,289 DEBUG [2:Process2] (OH.OHEngine) Adding rooms to groups declaration...
2017-05-21 20:34:54,289 DEBUG [2:Process2] (OH.OHEngine) Adding Components with multiple properties to groups declaration...
2017-05-21 20:34:54,290 DEBUG [2:Process2] (OH.OHEngine) Adding individual Properties to items declaration...
2017-05-21 20:34:54,292 DEBUG [2:Process2] (OH.OHEngine) Updating .rules file...
2017-05-21 20:34:54,292 WARN  [2:Process2] (OH.OHEngine) Rules for component type 0006 not found!
2017-05-21 20:34:54,302 WARN  [2:Process2] (OH.OHEngine) Rules for component type 0008 not found!
2017-05-21 20:34:54,305 WARN  [2:Process2] (OH.OHEngine) Rules for component type 0003 not found!
2017-05-21 20:34:54,307 WARN  [2:Process2] (OH.OHEngine) Rules for component type 0009 not found!
2017-05-21 20:34:54,313 WARN  [2:Process2] (OH.OHEngine) Rules for component type 0002 not found!
2017-05-21 20:34:54,345 DEBUG [2:Process2] (OH.OHEngine) Updating .sitemap file...
2017-05-21 20:34:54,452 DEBUG [2:Process2] (OH.OHEngine) OpenHAB update complete!
2017-05-21 20:34:54,453 DEBUG [2:Process2] (OH.OHEngine) EngineRequest processing complete!
