2017-01-15 18:31:03,353 INFO  [main] (BM_LOG.main) Initializing BM...
2017-01-15 18:31:03,359 INFO  [main] (BM_LOG.main) Starting the BM...
2017-01-15 18:31:05,274 INFO  [main] (BM_LOG.Devices) Populating Devices...
2017-01-15 18:31:05,426 DEBUG [main] (BM_LOG.Devices) Adding device: N40M into Devices
2017-01-15 18:31:05,437 DEBUG [main] (BM_LOG.Devices) Setting property: 0002 of device: N40M with value: 0
2017-01-15 18:31:05,439 DEBUG [main] (BM_LOG.Devices) Setting property: 0020 of device: N40M with value: 1
2017-01-15 18:31:05,441 DEBUG [main] (BM_LOG.Devices) Setting property: 0019 of device: N40M with value: 0
2017-01-15 18:31:05,441 DEBUG [main] (BM_LOG.Devices) Setting property: 0024 of device: N40M with value: 0
2017-01-15 18:31:05,444 DEBUG [main] (BM_LOG.Devices) Setting property: 0005 of device: N40M with value: 0
2017-01-15 18:31:05,445 DEBUG [main] (BM_LOG.Devices) Setting property: 0023 of device: N40M with value: 0
2017-01-15 18:31:05,446 DEBUG [main] (BM_LOG.Devices) Setting property: 0004 of device: N40M with value: 0
2017-01-15 18:31:05,451 DEBUG [main] (BM_LOG.Devices) Setting property: 0022 of device: N40M with value: 0
2017-01-15 18:31:05,453 DEBUG [main] (BM_LOG.Devices) Setting property: 0003 of device: N40M with value: 0
2017-01-15 18:31:05,469 DEBUG [main] (BM_LOG.Devices) Setting property: 0021 of device: N40M with value: 1
2017-01-15 18:31:05,487 DEBUG [main] (BM_LOG.Devices) Adding device: I068 into Devices
2017-01-15 18:31:05,487 DEBUG [main] (BM_LOG.Devices) Setting property: 0001 of device: I068 with value: 0
2017-01-15 18:31:05,514 DEBUG [main] (BM_LOG.Devices) Adding device: B51V into Devices
2017-01-15 18:31:05,514 DEBUG [main] (BM_LOG.Devices) Setting property: 0028 of device: B51V with value: 0
2017-01-15 18:31:05,514 DEBUG [main] (BM_LOG.Devices) Setting property: 0027 of device: B51V with value: 1
2017-01-15 18:31:05,551 DEBUG [main] (BM_LOG.Devices) Adding device: J3D7 into Devices
2017-01-15 18:31:05,551 DEBUG [main] (BM_LOG.Devices) Setting property: 0006 of device: J3D7 with value: 1
2017-01-15 18:31:05,572 INFO  [main] (BM_LOG.Devices) Devices population done!
2017-01-15 18:31:05,572 INFO  [main] (BM_LOG.Devices) Retrieving rooms from DB...
2017-01-15 18:31:05,596 DEBUG [main] (BM_LOG.Devices) Rooms retrieved!
2017-01-15 18:31:05,754 INFO  [main] (BM_LOG.Controller) Controller constructed!
2017-01-15 18:31:05,870 INFO  [main] (BM_LOG.main) Config file cfg/core-config.xml loaded.
2017-01-15 18:31:05,907 DEBUG [main] (BM_LOG.mqtt) Connected to MQTT!
2017-01-15 18:31:05,921 DEBUG [main] (BM_LOG.mqtt) Subscribed to BM topic!
2017-01-15 18:31:05,921 DEBUG [main] (BM_LOG.mqtt) Callback set!
2017-01-15 18:31:05,950 INFO  [OHEngineProcessor] (BM_LOG.Devices) Retrieving rooms from DB...
2017-01-15 18:31:05,979 DEBUG [OHEngineProcessor] (BM_LOG.Devices) Rooms retrieved!
2017-01-15 18:31:05,983 INFO  [OHEngineProcessor] (BM_LOG.Devices) Retrieving rooms from DB...
2017-01-15 18:31:06,025 DEBUG [OHEngineProcessor] (BM_LOG.Devices) Rooms retrieved!
2017-01-15 18:31:06,124 INFO  [main] (BM_LOG.main) BusinessMachine started!
2017-01-15 18:31:49,946 DEBUG [MQTT Call: BM] (BM_LOG.mqtt) Message arrived at topic BM
2017-01-15 18:31:49,946 DEBUG [MQTT Call: BM] (BM_LOG.mqtt) Message is: {"RID":"test","CID":"ESP","RTY":"bye"}
2017-01-15 18:31:49,951 ERROR [Process1] (BM_LOG.ControllerModule) CID does not exist!
