2017-05-01 19:05:09,320 INFO  [main] (db.DBEngine) DBEngine started on url: jdbc:derby://192.168.1.5:1527/DB
2017-05-01 19:05:09,641 INFO  [main] (db.DBEngine) Connected to Derby DB!
2017-05-01 19:05:09,650 DEBUG [main] (db.DBEngine) Adding main.engines.requests.DBEngine.RawDBEReq IYBKWBWU87 to DBEngine!
2017-05-01 19:05:09,720 DEBUG [DBEngine] (db.DBEngine) New EngineRequest detected! Processing...
2017-05-01 19:05:09,771 DEBUG [main] (db.DBEngine) EngineRequest processing complete!
2017-05-01 19:05:09,773 DEBUG [main] (db.DBEngine) Adding main.engines.requests.DBEngine.RawDBEReq T853X0Y678 to DBEngine!
2017-05-01 19:05:09,821 DEBUG [DBEngine] (db.DBEngine) New EngineRequest detected! Processing...
2017-05-01 19:05:09,890 DEBUG [main] (db.DBEngine) EngineRequest processing complete!
2017-05-01 19:05:10,005 DEBUG [main] (db.DBEngine) Adding main.engines.requests.DBEngine.SelectDBEReq PV11V66WU4 to DBEngine!
2017-05-01 19:05:10,021 DEBUG [DBEngine] (db.DBEngine) New EngineRequest detected! Processing...
2017-05-01 19:05:10,029 DEBUG [main] (db.DBEngine) EngineRequest processing complete!
2017-05-01 19:05:10,033 DEBUG [main] (db.DBEngine) Adding main.engines.requests.DBEngine.SelectDBEReq TBHQVXB764 to DBEngine!
2017-05-01 19:05:10,121 DEBUG [DBEngine] (db.DBEngine) New EngineRequest detected! Processing...
2017-05-01 19:05:10,128 DEBUG [main] (db.DBEngine) EngineRequest processing complete!
2017-05-01 19:05:10,453 DEBUG [main] (db.DBEngine) Adding main.engines.requests.DBEngine.SelectDBEReq L3TS24IP37 to DBEngine!
2017-05-01 19:05:10,538 DEBUG [DBEngine] (db.DBEngine) New EngineRequest detected! Processing...
2017-05-01 19:05:10,546 DEBUG [main] (db.DBEngine) EngineRequest processing complete!
2017-05-01 19:06:12,193 DEBUG [Thread1:1] (db.DBEngine) Adding main.engines.requests.DBEngine.UpdateDBEReq A3Y8J3XG45 to DBEngine!
2017-05-01 19:06:12,292 DEBUG [DBEngine] (db.DBEngine) New EngineRequest detected! Processing...
2017-05-01 19:06:13,012 DEBUG [Thread1:1] (db.DBEngine) EngineRequest processing complete!
2017-05-01 19:06:13,105 DEBUG [Thread1:1] (db.DBEngine) Adding main.engines.requests.DBEngine.SelectDBEReq DW1FT85HF4 to DBEngine!
2017-05-01 19:06:13,208 DEBUG [DBEngine] (db.DBEngine) New EngineRequest detected! Processing...
2017-05-01 19:06:13,216 DEBUG [Thread1:1] (db.DBEngine) EngineRequest processing complete!
2017-05-01 19:06:46,307 DEBUG [Thread2:2] (db.DBEngine) Adding main.engines.requests.DBEngine.UpdateDBEReq R867SN1B0N to DBEngine!
2017-05-01 19:06:46,396 DEBUG [DBEngine] (db.DBEngine) New EngineRequest detected! Processing...
2017-05-01 19:06:47,260 DEBUG [Thread2:2] (db.DBEngine) EngineRequest processing complete!
2017-05-01 19:07:32,499 DEBUG [Thread3:3] (db.DBEngine) Adding main.engines.requests.DBEngine.UpdateDBEReq SL1L42AYX1 to DBEngine!
2017-05-01 19:07:32,548 DEBUG [DBEngine] (db.DBEngine) New EngineRequest detected! Processing...
2017-05-01 19:07:32,574 DEBUG [Thread3:3] (db.DBEngine) EngineRequest processing complete!
2017-05-01 19:08:16,898 DEBUG [Thread2:5] (db.DBEngine) Adding main.engines.requests.DBEngine.RawDBEReq K7M1W828IG to DBEngine!
2017-05-01 19:08:16,918 DEBUG [DBEngine] (db.DBEngine) New EngineRequest detected! Processing...
2017-05-01 19:08:17,107 DEBUG [Thread2:5] (db.DBEngine) EngineRequest processing complete!
2017-05-01 19:09:00,971 DEBUG [Thread4:7] (db.DBEngine) Adding main.engines.requests.DBEngine.UpdateDBEReq YTO4870ULS to DBEngine!
2017-05-01 19:09:00,980 DEBUG [DBEngine] (db.DBEngine) New EngineRequest detected! Processing...
2017-05-01 19:09:01,017 DEBUG [Thread4:7] (db.DBEngine) EngineRequest processing complete!
2017-05-01 19:09:50,615 DEBUG [Thread2:8] (db.DBEngine) Adding main.engines.requests.DBEngine.UpdateDBEReq D000166O4L to DBEngine!
2017-05-01 19:09:50,623 DEBUG [DBEngine] (db.DBEngine) New EngineRequest detected! Processing...
2017-05-01 19:09:51,373 DEBUG [Thread2:8] (db.DBEngine) EngineRequest processing complete!
2017-05-01 19:10:27,877 DEBUG [Thread3:9] (db.DBEngine) Adding main.engines.requests.DBEngine.UpdateDBEReq JP04Q1L40J to DBEngine!
2017-05-01 19:10:27,968 DEBUG [DBEngine] (db.DBEngine) New EngineRequest detected! Processing...
2017-05-01 19:10:28,719 DEBUG [Thread3:9] (db.DBEngine) EngineRequest processing complete!
2017-05-01 19:10:28,926 DEBUG [Thread3:9] (db.DBEngine) Adding main.engines.requests.DBEngine.SelectDBEReq B4U7EAV7CU to DBEngine!
2017-05-01 19:10:28,934 DEBUG [DBEngine] (db.DBEngine) New EngineRequest detected! Processing...
2017-05-01 19:10:29,019 DEBUG [Thread3:9] (db.DBEngine) EngineRequest processing complete!
2017-05-01 19:11:19,394 DEBUG [Thread4:10] (db.DBEngine) Adding main.engines.requests.DBEngine.UpdateDBEReq L46A2SXPS5 to DBEngine!
2017-05-01 19:11:19,417 DEBUG [DBEngine] (db.DBEngine) New EngineRequest detected! Processing...
2017-05-01 19:11:20,685 DEBUG [Thread4:10] (db.DBEngine) EngineRequest processing complete!
2017-05-01 19:12:56,897 DEBUG [Thread2:11] (db.DBEngine) Adding main.engines.requests.DBEngine.UpdateDBEReq TV84J45136 to DBEngine!
2017-05-01 19:12:56,909 DEBUG [DBEngine] (db.DBEngine) New EngineRequest detected! Processing...
2017-05-01 19:12:56,937 DEBUG [Thread2:11] (db.DBEngine) EngineRequest processing complete!
2017-05-01 19:12:57,042 DEBUG [Thread2:11] (db.DBEngine) Adding main.engines.requests.DBEngine.SelectDBEReq VP86730184 to DBEngine!
2017-05-01 19:12:57,109 DEBUG [DBEngine] (db.DBEngine) New EngineRequest detected! Processing...
2017-05-01 19:12:57,121 DEBUG [Thread2:11] (db.DBEngine) EngineRequest processing complete!
2017-05-01 19:13:42,140 DEBUG [Thread3:12] (db.DBEngine) Adding main.engines.requests.DBEngine.UpdateDBEReq T82L6PAPG6 to DBEngine!
2017-05-01 19:13:42,183 DEBUG [DBEngine] (db.DBEngine) New EngineRequest detected! Processing...
2017-05-01 19:13:42,943 DEBUG [Thread3:12] (db.DBEngine) EngineRequest processing complete!
2017-05-01 19:14:24,220 DEBUG [Thread4:13] (db.DBEngine) Adding main.engines.requests.DBEngine.UpdateDBEReq J2UR84J060 to DBEngine!
2017-05-01 19:14:24,240 DEBUG [DBEngine] (db.DBEngine) New EngineRequest detected! Processing...
2017-05-01 19:14:24,268 DEBUG [Thread4:13] (db.DBEngine) EngineRequest processing complete!
2017-05-01 19:14:47,469 DEBUG [Thread3:15] (db.DBEngine) Adding main.engines.requests.DBEngine.UpdateDBEReq Q3602YU5C7 to DBEngine!
2017-05-01 19:14:47,533 DEBUG [DBEngine] (db.DBEngine) New EngineRequest detected! Processing...
2017-05-01 19:14:48,283 DEBUG [Thread3:15] (db.DBEngine) EngineRequest processing complete!
2017-05-01 19:15:20,631 DEBUG [Thread2:17] (db.DBEngine) Adding main.engines.requests.DBEngine.UpdateDBEReq QOMUFUBM7J to DBEngine!
2017-05-01 19:15:20,666 DEBUG [DBEngine] (db.DBEngine) New EngineRequest detected! Processing...
2017-05-01 19:15:21,440 DEBUG [Thread2:17] (db.DBEngine) EngineRequest processing complete!
2017-05-01 19:16:42,850 DEBUG [Thread3:18] (db.DBEngine) Adding main.engines.requests.DBEngine.UpdateDBEReq T4K6CTEFK6 to DBEngine!
2017-05-01 19:16:42,859 DEBUG [DBEngine] (db.DBEngine) New EngineRequest detected! Processing...
2017-05-01 19:16:42,888 DEBUG [Thread3:18] (db.DBEngine) EngineRequest processing complete!
2017-05-01 19:16:42,963 DEBUG [Thread3:18] (db.DBEngine) Adding main.engines.requests.DBEngine.SelectDBEReq VA552LS8I2 to DBEngine!
2017-05-01 19:16:43,042 DEBUG [DBEngine] (db.DBEngine) New EngineRequest detected! Processing...
2017-05-01 19:16:43,094 DEBUG [Thread3:18] (db.DBEngine) EngineRequest processing complete!
2017-05-01 19:17:48,632 DEBUG [Thread4:19] (db.DBEngine) Adding main.engines.requests.DBEngine.UpdateDBEReq K014RT7OXM to DBEngine!
2017-05-01 19:17:48,646 DEBUG [DBEngine] (db.DBEngine) New EngineRequest detected! Processing...
2017-05-01 19:17:48,697 DEBUG [Thread4:19] (db.DBEngine) EngineRequest processing complete!
2017-05-01 19:18:19,044 DEBUG [Thread3:21] (db.DBEngine) Adding main.engines.requests.DBEngine.UpdateDBEReq J8MC8W420G to DBEngine!
2017-05-01 19:18:19,066 DEBUG [DBEngine] (db.DBEngine) New EngineRequest detected! Processing...
2017-05-01 19:18:19,111 DEBUG [Thread3:21] (db.DBEngine) EngineRequest processing complete!
2017-05-01 19:19:26,908 DEBUG [Thread4:22] (db.DBEngine) Adding main.engines.requests.DBEngine.UpdateDBEReq LO1MA471UQ to DBEngine!
2017-05-01 19:19:26,991 DEBUG [DBEngine] (db.DBEngine) New EngineRequest detected! Processing...
2017-05-01 19:19:27,019 DEBUG [Thread4:22] (db.DBEngine) EngineRequest processing complete!
2017-05-01 19:19:27,125 DEBUG [Thread4:22] (db.DBEngine) Adding main.engines.requests.DBEngine.SelectDBEReq V6762M6SM7 to DBEngine!
2017-05-01 19:19:27,204 DEBUG [DBEngine] (db.DBEngine) New EngineRequest detected! Processing...
2017-05-01 19:19:27,214 DEBUG [Thread4:22] (db.DBEngine) EngineRequest processing complete!
2017-05-01 19:39:58,236 DEBUG [Thread3:24] (db.DBEngine) Adding main.engines.requests.DBEngine.UpdateDBEReq N36LJ53245 to DBEngine!
2017-05-01 19:39:58,242 DEBUG [DBEngine] (db.DBEngine) New EngineRequest detected! Processing...
2017-05-01 19:39:58,337 DEBUG [Thread3:24] (db.DBEngine) EngineRequest processing complete!
2017-05-01 19:49:55,914 DEBUG [Thread4:25] (db.DBEngine) Adding main.engines.requests.DBEngine.RawDBEReq RXMC3Y8A5N to DBEngine!
2017-05-01 19:49:55,930 DEBUG [DBEngine] (db.DBEngine) New EngineRequest detected! Processing...
2017-05-01 19:49:56,189 DEBUG [Thread4:25] (db.DBEngine) EngineRequest processing complete!
2017-05-01 19:49:56,218 DEBUG [Thread4:25] (db.DBEngine) Adding main.engines.requests.DBEngine.SelectDBEReq KC38H5A156 to DBEngine!
2017-05-01 19:49:56,231 DEBUG [DBEngine] (db.DBEngine) New EngineRequest detected! Processing...
2017-05-01 19:49:56,266 DEBUG [Thread4:25] (db.DBEngine) EngineRequest processing complete!
2017-05-01 19:49:56,280 DEBUG [Thread4:25] (db.DBEngine) Adding main.engines.requests.DBEngine.SelectDBEReq X2Y25V1Y7S to DBEngine!
2017-05-01 19:49:56,331 DEBUG [DBEngine] (db.DBEngine) New EngineRequest detected! Processing...
2017-05-01 19:49:56,345 DEBUG [Thread4:25] (db.DBEngine) EngineRequest processing complete!
2017-05-01 19:49:56,352 DEBUG [Thread4:25] (db.DBEngine) Adding main.engines.requests.DBEngine.RawDBEReq O40231H820 to DBEngine!
2017-05-01 19:49:56,431 DEBUG [DBEngine] (db.DBEngine) New EngineRequest detected! Processing...
2017-05-01 19:49:56,452 DEBUG [Thread4:25] (db.DBEngine) EngineRequest processing complete!
2017-05-01 19:49:56,456 DEBUG [Thread4:25] (db.DBEngine) Adding main.engines.requests.DBEngine.InsertDBEReq HE5Y267RR3 to DBEngine!
2017-05-01 19:49:56,532 DEBUG [DBEngine] (db.DBEngine) New EngineRequest detected! Processing...
2017-05-01 19:49:57,312 DEBUG [Thread4:25] (db.DBEngine) EngineRequest processing complete!
2017-05-01 19:49:57,313 DEBUG [Thread4:25] (db.DBEngine) Adding main.engines.requests.DBEngine.InsertDBEReq P1K4E4H15R to DBEngine!
2017-05-01 19:49:57,335 DEBUG [DBEngine] (db.DBEngine) New EngineRequest detected! Processing...
2017-05-01 19:49:57,383 DEBUG [Thread4:25] (db.DBEngine) EngineRequest processing complete!
2017-05-01 19:49:57,384 DEBUG [Thread4:25] (db.DBEngine) Adding main.engines.requests.DBEngine.InsertDBEReq MA72DM4W3G to DBEngine!
2017-05-01 19:49:57,436 DEBUG [DBEngine] (db.DBEngine) New EngineRequest detected! Processing...
2017-05-01 19:49:57,480 DEBUG [Thread4:25] (db.DBEngine) EngineRequest processing complete!
2017-05-01 19:49:57,480 DEBUG [Thread4:25] (db.DBEngine) Adding main.engines.requests.DBEngine.InsertDBEReq A1GTD7K453 to DBEngine!
2017-05-01 19:49:57,536 DEBUG [DBEngine] (db.DBEngine) New EngineRequest detected! Processing...
2017-05-01 19:49:57,583 DEBUG [Thread4:25] (db.DBEngine) EngineRequest processing complete!
2017-05-01 19:49:57,583 DEBUG [Thread4:25] (db.DBEngine) Adding main.engines.requests.DBEngine.InsertDBEReq K1WY7WX285 to DBEngine!
2017-05-01 19:49:57,636 DEBUG [DBEngine] (db.DBEngine) New EngineRequest detected! Processing...
2017-05-01 19:49:57,682 DEBUG [Thread4:25] (db.DBEngine) EngineRequest processing complete!
2017-05-01 19:49:57,683 DEBUG [Thread4:25] (db.DBEngine) Adding main.engines.requests.DBEngine.InsertDBEReq I0MYHBWE2C to DBEngine!
2017-05-01 19:49:57,737 DEBUG [DBEngine] (db.DBEngine) New EngineRequest detected! Processing...
2017-05-01 19:49:57,782 DEBUG [Thread4:25] (db.DBEngine) EngineRequest processing complete!
2017-05-01 19:49:57,783 DEBUG [Thread4:25] (db.DBEngine) Adding main.engines.requests.DBEngine.InsertDBEReq PRXSV20K4A to DBEngine!
2017-05-01 19:49:57,837 DEBUG [DBEngine] (db.DBEngine) New EngineRequest detected! Processing...
2017-05-01 19:49:57,882 DEBUG [Thread4:25] (db.DBEngine) EngineRequest processing complete!
2017-05-01 19:49:57,882 DEBUG [Thread4:25] (db.DBEngine) Adding main.engines.requests.DBEngine.InsertDBEReq LO416HS2YB to DBEngine!
2017-05-01 19:49:57,938 DEBUG [DBEngine] (db.DBEngine) New EngineRequest detected! Processing...
2017-05-01 19:49:57,989 DEBUG [Thread4:25] (db.DBEngine) EngineRequest processing complete!
2017-05-01 19:49:57,990 DEBUG [Thread4:25] (db.DBEngine) Adding main.engines.requests.DBEngine.InsertDBEReq MP145303WB to DBEngine!
2017-05-01 19:49:58,038 DEBUG [DBEngine] (db.DBEngine) New EngineRequest detected! Processing...
2017-05-01 19:49:58,085 DEBUG [Thread4:25] (db.DBEngine) EngineRequest processing complete!
2017-05-01 19:49:58,085 DEBUG [Thread4:25] (db.DBEngine) Adding main.engines.requests.DBEngine.InsertDBEReq NXECE15L52 to DBEngine!
2017-05-01 19:49:58,138 DEBUG [DBEngine] (db.DBEngine) New EngineRequest detected! Processing...
2017-05-01 19:49:58,220 DEBUG [Thread4:25] (db.DBEngine) EngineRequest processing complete!
2017-05-01 19:49:58,221 DEBUG [Thread4:25] (db.DBEngine) Adding main.engines.requests.DBEngine.InsertDBEReq D7E8R55075 to DBEngine!
2017-05-01 19:49:58,238 DEBUG [DBEngine] (db.DBEngine) New EngineRequest detected! Processing...
2017-05-01 19:49:58,324 DEBUG [Thread4:25] (db.DBEngine) EngineRequest processing complete!
2017-05-01 19:49:58,325 DEBUG [Thread4:25] (db.DBEngine) Adding main.engines.requests.DBEngine.InsertDBEReq FLXL11WI20 to DBEngine!
2017-05-01 19:49:58,338 DEBUG [DBEngine] (db.DBEngine) New EngineRequest detected! Processing...
2017-05-01 19:49:58,389 DEBUG [Thread4:25] (db.DBEngine) EngineRequest processing complete!
2017-05-01 19:49:58,917 DEBUG [Thread4:25] (db.DBEngine) Adding main.engines.requests.DBEngine.SelectDBEReq F5LMCFTJ6L to DBEngine!
2017-05-01 19:49:58,996 DEBUG [DBEngine] (db.DBEngine) New EngineRequest detected! Processing...
2017-05-01 19:49:59,018 DEBUG [Thread4:25] (db.DBEngine) EngineRequest processing complete!
