2017-05-01 19:05:10,379 INFO  [main] (oh.OHEngine) Connecting to OH files in OpenHAB directory...
2017-05-01 19:05:10,381 DEBUG [main] (oh.OHEngine) Connected to OH files!
2017-05-01 19:05:10,381 DEBUG [main] (oh.OHEngine) Updating .items file...
2017-05-01 19:05:10,381 DEBUG [main] (oh.OHEngine) Adding rooms to groups declaration...
2017-05-01 19:05:10,382 DEBUG [main] (oh.OHEngine) Adding Components with multiple properties to groups declaration...
2017-05-01 19:05:10,382 DEBUG [main] (oh.OHEngine) Adding individual Properties to items declaration...
2017-05-01 19:05:10,390 DEBUG [main] (oh.OHEngine) Updating .rules file...
2017-05-01 19:05:10,391 WARN  [main] (oh.OHEngine) Rules for component type 0001 not found!
2017-05-01 19:05:10,394 WARN  [main] (oh.OHEngine) Rules for component type 0002 not found!
2017-05-01 19:05:10,414 WARN  [main] (oh.OHEngine) Rules for component type 0009 not found!
2017-05-01 19:05:10,418 WARN  [main] (oh.OHEngine) Rules for component type 0006 not found!
2017-05-01 19:05:10,434 WARN  [main] (oh.OHEngine) Rules for component type 0008 not found!
2017-05-01 19:05:10,441 WARN  [main] (oh.OHEngine) Rules for component type 0003 not found!
2017-05-01 19:05:10,453 DEBUG [main] (oh.OHEngine) Updating .sitemap file...
2017-05-01 19:05:10,552 INFO  [main] (oh.OHEngine) OHEngine started!
2017-05-01 19:06:13,014 DEBUG [Thread1:1] (oh.OHEngine) Adding main.engines.requests.OHEngine.UpdateOHEReq E370BUGEX4 to OHEngine!
2017-05-01 19:06:13,054 DEBUG [OHEngine] (oh.OHEngine) New EngineRequest detected! Processing...
2017-05-01 19:06:13,054 INFO  [Thread1:1] (oh.OHEngine) Updating OpenHAB files...
2017-05-01 19:06:13,055 DEBUG [Thread1:1] (oh.OHEngine) Updating .items file...
2017-05-01 19:06:13,055 DEBUG [Thread1:1] (oh.OHEngine) Adding rooms to groups declaration...
2017-05-01 19:06:13,055 DEBUG [Thread1:1] (oh.OHEngine) Adding Components with multiple properties to groups declaration...
2017-05-01 19:06:13,055 DEBUG [Thread1:1] (oh.OHEngine) Adding individual Properties to items declaration...
2017-05-01 19:06:13,059 DEBUG [Thread1:1] (oh.OHEngine) Updating .rules file...
2017-05-01 19:06:13,059 WARN  [Thread1:1] (oh.OHEngine) Rules for component type 0001 not found!
2017-05-01 19:06:13,061 WARN  [Thread1:1] (oh.OHEngine) Rules for component type 0002 not found!
2017-05-01 19:06:13,072 WARN  [Thread1:1] (oh.OHEngine) Rules for component type 0009 not found!
2017-05-01 19:06:13,074 WARN  [Thread1:1] (oh.OHEngine) Rules for component type 0006 not found!
2017-05-01 19:06:13,079 WARN  [Thread1:1] (oh.OHEngine) Rules for component type 0008 not found!
2017-05-01 19:06:13,083 WARN  [Thread1:1] (oh.OHEngine) Rules for component type 0003 not found!
2017-05-01 19:06:13,102 DEBUG [Thread1:1] (oh.OHEngine) Updating .sitemap file...
2017-05-01 19:06:13,221 DEBUG [Thread1:1] (oh.OHEngine) OpenHAB update complete!
2017-05-01 19:06:13,221 DEBUG [Thread1:1] (oh.OHEngine) EngineRequest processing complete!
2017-05-01 19:10:28,720 DEBUG [Thread3:9] (oh.OHEngine) Adding main.engines.requests.OHEngine.UpdateOHEReq S8O8081YS7 to OHEngine!
2017-05-01 19:10:28,772 DEBUG [OHEngine] (oh.OHEngine) New EngineRequest detected! Processing...
2017-05-01 19:10:28,772 INFO  [Thread3:9] (oh.OHEngine) Updating OpenHAB files...
2017-05-01 19:10:28,772 DEBUG [Thread3:9] (oh.OHEngine) Updating .items file...
2017-05-01 19:10:28,773 DEBUG [Thread3:9] (oh.OHEngine) Adding rooms to groups declaration...
2017-05-01 19:10:28,773 DEBUG [Thread3:9] (oh.OHEngine) Adding Components with multiple properties to groups declaration...
2017-05-01 19:10:28,773 DEBUG [Thread3:9] (oh.OHEngine) Adding individual Properties to items declaration...
2017-05-01 19:10:28,775 DEBUG [Thread3:9] (oh.OHEngine) Updating .rules file...
2017-05-01 19:10:28,776 WARN  [Thread3:9] (oh.OHEngine) Rules for component type 0001 not found!
2017-05-01 19:10:28,777 WARN  [Thread3:9] (oh.OHEngine) Rules for component type 0002 not found!
2017-05-01 19:10:28,794 WARN  [Thread3:9] (oh.OHEngine) Rules for component type 0009 not found!
2017-05-01 19:10:28,796 WARN  [Thread3:9] (oh.OHEngine) Rules for component type 0006 not found!
2017-05-01 19:10:28,804 WARN  [Thread3:9] (oh.OHEngine) Rules for component type 0008 not found!
2017-05-01 19:10:28,813 WARN  [Thread3:9] (oh.OHEngine) Rules for component type 0003 not found!
2017-05-01 19:10:28,926 DEBUG [Thread3:9] (oh.OHEngine) Updating .sitemap file...
2017-05-01 19:10:29,024 DEBUG [Thread3:9] (oh.OHEngine) OpenHAB update complete!
2017-05-01 19:10:29,024 DEBUG [Thread3:9] (oh.OHEngine) EngineRequest processing complete!
2017-05-01 19:12:56,938 DEBUG [Thread2:11] (oh.OHEngine) Adding main.engines.requests.OHEngine.UpdateOHEReq WM0MNQXOU7 to OHEngine!
2017-05-01 19:12:57,009 DEBUG [OHEngine] (oh.OHEngine) New EngineRequest detected! Processing...
2017-05-01 19:12:57,009 INFO  [Thread2:11] (oh.OHEngine) Updating OpenHAB files...
2017-05-01 19:12:57,009 DEBUG [Thread2:11] (oh.OHEngine) Updating .items file...
2017-05-01 19:12:57,010 DEBUG [Thread2:11] (oh.OHEngine) Adding rooms to groups declaration...
2017-05-01 19:12:57,010 DEBUG [Thread2:11] (oh.OHEngine) Adding Components with multiple properties to groups declaration...
2017-05-01 19:12:57,010 DEBUG [Thread2:11] (oh.OHEngine) Adding individual Properties to items declaration...
2017-05-01 19:12:57,012 DEBUG [Thread2:11] (oh.OHEngine) Updating .rules file...
2017-05-01 19:12:57,012 WARN  [Thread2:11] (oh.OHEngine) Rules for component type 0001 not found!
2017-05-01 19:12:57,013 WARN  [Thread2:11] (oh.OHEngine) Rules for component type 0002 not found!
2017-05-01 19:12:57,023 WARN  [Thread2:11] (oh.OHEngine) Rules for component type 0009 not found!
2017-05-01 19:12:57,024 WARN  [Thread2:11] (oh.OHEngine) Rules for component type 0006 not found!
2017-05-01 19:12:57,030 WARN  [Thread2:11] (oh.OHEngine) Rules for component type 0008 not found!
2017-05-01 19:12:57,032 WARN  [Thread2:11] (oh.OHEngine) Rules for component type 0003 not found!
2017-05-01 19:12:57,041 DEBUG [Thread2:11] (oh.OHEngine) Updating .sitemap file...
2017-05-01 19:12:57,129 DEBUG [Thread2:11] (oh.OHEngine) OpenHAB update complete!
2017-05-01 19:12:57,129 DEBUG [Thread2:11] (oh.OHEngine) EngineRequest processing complete!
2017-05-01 19:16:42,888 DEBUG [Thread3:18] (oh.OHEngine) Adding main.engines.requests.OHEngine.UpdateOHEReq P2611Y6D4E to OHEngine!
2017-05-01 19:16:42,901 DEBUG [OHEngine] (oh.OHEngine) New EngineRequest detected! Processing...
2017-05-01 19:16:42,901 INFO  [Thread3:18] (oh.OHEngine) Updating OpenHAB files...
2017-05-01 19:16:42,901 DEBUG [Thread3:18] (oh.OHEngine) Updating .items file...
2017-05-01 19:16:42,902 DEBUG [Thread3:18] (oh.OHEngine) Adding rooms to groups declaration...
2017-05-01 19:16:42,902 DEBUG [Thread3:18] (oh.OHEngine) Adding Components with multiple properties to groups declaration...
2017-05-01 19:16:42,902 DEBUG [Thread3:18] (oh.OHEngine) Adding individual Properties to items declaration...
2017-05-01 19:16:42,904 DEBUG [Thread3:18] (oh.OHEngine) Updating .rules file...
2017-05-01 19:16:42,905 WARN  [Thread3:18] (oh.OHEngine) Rules for component type 0001 not found!
2017-05-01 19:16:42,906 WARN  [Thread3:18] (oh.OHEngine) Rules for component type 0002 not found!
2017-05-01 19:16:42,924 WARN  [Thread3:18] (oh.OHEngine) Rules for component type 0009 not found!
2017-05-01 19:16:42,932 WARN  [Thread3:18] (oh.OHEngine) Rules for component type 0006 not found!
2017-05-01 19:16:42,936 WARN  [Thread3:18] (oh.OHEngine) Rules for component type 0008 not found!
2017-05-01 19:16:42,943 WARN  [Thread3:18] (oh.OHEngine) Rules for component type 0003 not found!
2017-05-01 19:16:42,962 DEBUG [Thread3:18] (oh.OHEngine) Updating .sitemap file...
2017-05-01 19:16:43,103 DEBUG [Thread3:18] (oh.OHEngine) OpenHAB update complete!
2017-05-01 19:16:43,103 DEBUG [Thread3:18] (oh.OHEngine) EngineRequest processing complete!
2017-05-01 19:19:27,020 DEBUG [Thread4:22] (oh.OHEngine) Adding main.engines.requests.OHEngine.UpdateOHEReq XS3R84B3Q4 to OHEngine!
2017-05-01 19:19:27,088 DEBUG [OHEngine] (oh.OHEngine) New EngineRequest detected! Processing...
2017-05-01 19:19:27,088 INFO  [Thread4:22] (oh.OHEngine) Updating OpenHAB files...
2017-05-01 19:19:27,089 DEBUG [Thread4:22] (oh.OHEngine) Updating .items file...
2017-05-01 19:19:27,089 DEBUG [Thread4:22] (oh.OHEngine) Adding rooms to groups declaration...
2017-05-01 19:19:27,089 DEBUG [Thread4:22] (oh.OHEngine) Adding Components with multiple properties to groups declaration...
2017-05-01 19:19:27,089 DEBUG [Thread4:22] (oh.OHEngine) Adding individual Properties to items declaration...
2017-05-01 19:19:27,091 DEBUG [Thread4:22] (oh.OHEngine) Updating .rules file...
2017-05-01 19:19:27,091 WARN  [Thread4:22] (oh.OHEngine) Rules for component type 0001 not found!
2017-05-01 19:19:27,092 WARN  [Thread4:22] (oh.OHEngine) Rules for component type 0002 not found!
2017-05-01 19:19:27,097 WARN  [Thread4:22] (oh.OHEngine) Rules for component type 0009 not found!
2017-05-01 19:19:27,098 WARN  [Thread4:22] (oh.OHEngine) Rules for component type 0006 not found!
2017-05-01 19:19:27,101 WARN  [Thread4:22] (oh.OHEngine) Rules for component type 0008 not found!
2017-05-01 19:19:27,104 WARN  [Thread4:22] (oh.OHEngine) Rules for component type 0003 not found!
2017-05-01 19:19:27,124 DEBUG [Thread4:22] (oh.OHEngine) Updating .sitemap file...
2017-05-01 19:19:27,220 DEBUG [Thread4:22] (oh.OHEngine) OpenHAB update complete!
2017-05-01 19:19:27,220 DEBUG [Thread4:22] (oh.OHEngine) EngineRequest processing complete!
2017-05-01 19:49:58,390 DEBUG [Thread4:25] (oh.OHEngine) Adding main.engines.requests.OHEngine.UpdateOHEReq E05604G4W7 to OHEngine!
2017-05-01 19:49:58,440 DEBUG [OHEngine] (oh.OHEngine) New EngineRequest detected! Processing...
2017-05-01 19:49:58,441 INFO  [Thread4:25] (oh.OHEngine) Updating OpenHAB files...
2017-05-01 19:49:58,441 DEBUG [Thread4:25] (oh.OHEngine) Updating .items file...
2017-05-01 19:49:58,441 DEBUG [Thread4:25] (oh.OHEngine) Adding rooms to groups declaration...
2017-05-01 19:49:58,442 DEBUG [Thread4:25] (oh.OHEngine) Adding Components with multiple properties to groups declaration...
2017-05-01 19:49:58,442 DEBUG [Thread4:25] (oh.OHEngine) Adding individual Properties to items declaration...
2017-05-01 19:49:58,457 DEBUG [Thread4:25] (oh.OHEngine) Updating .rules file...
2017-05-01 19:49:58,458 WARN  [Thread4:25] (oh.OHEngine) Rules for component type 0001 not found!
2017-05-01 19:49:58,460 WARN  [Thread4:25] (oh.OHEngine) Rules for component type 0002 not found!
2017-05-01 19:49:58,530 WARN  [Thread4:25] (oh.OHEngine) Rules for component type 0002 not found!
2017-05-01 19:49:58,629 WARN  [Thread4:25] (oh.OHEngine) Rules for component type 0009 not found!
2017-05-01 19:49:58,689 WARN  [Thread4:25] (oh.OHEngine) Rules for component type 0006 not found!
2017-05-01 19:49:58,760 WARN  [Thread4:25] (oh.OHEngine) Rules for component type 0008 not found!
2017-05-01 19:49:58,869 WARN  [Thread4:25] (oh.OHEngine) Rules for component type 0003 not found!
2017-05-01 19:49:58,916 DEBUG [Thread4:25] (oh.OHEngine) Updating .sitemap file...
2017-05-01 19:49:59,029 DEBUG [Thread4:25] (oh.OHEngine) OpenHAB update complete!
2017-05-01 19:49:59,029 DEBUG [Thread4:25] (oh.OHEngine) EngineRequest processing complete!
